d:\visual studio 2017\projects\repository\programing_code\baekjoon\baekjoon\x64\debug\vc141.pdb
d:\visual studio 2017\projects\repository\programing_code\baekjoon\baekjoon\x64\debug\vc141.idb
d:\visual studio 2017\projects\repository\programing_code\baekjoon\baekjoon\x64\debug\2108.obj
d:\visual studio 2017\projects\repository\programing_code\baekjoon\baekjoon\x64\debug\10870.obj
d:\visual studio 2017\projects\repository\programing_code\baekjoon\baekjoon\x64\debug\15649.obj
d:\visual studio 2017\projects\repository\programing_code\baekjoon\baekjoon\x64\debug\15650.obj
d:\visual studio 2017\projects\repository\programing_code\baekjoon\baekjoon\x64\debug\15651.obj
d:\visual studio 2017\projects\repository\programing_code\baekjoon\baekjoon\x64\debug\15652.obj
d:\visual studio 2017\projects\repository\programing_code\baekjoon\baekjoon\x64\debug\9663.obj
d:\visual studio 2017\projects\repository\programing_code\baekjoon\baekjoon\x64\debug\2580.obj
d:\visual studio 2017\projects\repository\programing_code\baekjoon\baekjoon\x64\debug\14888.obj
d:\visual studio 2017\projects\repository\programing_code\baekjoon\baekjoon\x64\debug\14889.obj
d:\visual studio 2017\projects\repository\programing_code\baekjoon\x64\debug\baekjoon.exe
d:\visual studio 2017\projects\repository\programing_code\baekjoon\x64\debug\baekjoon.ilk
d:\visual studio 2017\projects\repository\programing_code\baekjoon\x64\debug\baekjoon.pdb
d:\visual studio 2017\projects\repository\programing_code\baekjoon\baekjoon\x64\debug\baekjoon.tlog\cl.command.1.tlog
d:\visual studio 2017\projects\repository\programing_code\baekjoon\baekjoon\x64\debug\baekjoon.tlog\cl.read.1.tlog
d:\visual studio 2017\projects\repository\programing_code\baekjoon\baekjoon\x64\debug\baekjoon.tlog\cl.write.1.tlog
d:\visual studio 2017\projects\repository\programing_code\baekjoon\baekjoon\x64\debug\baekjoon.tlog\link.command.1.tlog
d:\visual studio 2017\projects\repository\programing_code\baekjoon\baekjoon\x64\debug\baekjoon.tlog\link.read.1.tlog
d:\visual studio 2017\projects\repository\programing_code\baekjoon\baekjoon\x64\debug\baekjoon.tlog\link.write.1.tlog
